-------------------------------------------------------------------------------
Test set: com.bezkoder.spring.datajpa.SpringBootDataJpaApplicationTests
-------------------------------------------------------------------------------
Tests run: 1, Failures: 0, Errors: 1, Skipped: 0, Time elapsed: 1.012 s <<< FAILURE! - in com.bezkoder.spring.datajpa.SpringBootDataJpaApplicationTests
com.bezkoder.spring.datajpa.SpringBootDataJpaApplicationTests  Time elapsed: 1.009 s  <<< ERROR!
java.lang.IllegalStateException: Unable to find a @SpringBootConfiguration, you need to use @ContextConfiguration or @SpringBootTest(classes=...) with your test

